SF:/usr/local/google/home/sigurdm/projects/math/pkgs/num_dart/lib/src/ndarray.dart
DA:54,44
DA:57,11
DA:65,11
DA:66,33
DA:71,8
DA:72,16
DA:73,32
DA:74,32
DA:75,32
DA:86,11
DA:87,42
DA:88,11
DA:93,11
DA:95,10
DA:96,10
DA:97,9
DA:99,3
DA:100,3
DA:101,8
DA:103,6
DA:104,6
DA:105,8
DA:107,4
DA:108,4
DA:109,7
DA:110,5
DA:111,5
DA:112,10
DA:113,5
DA:114,5
DA:115,0
DA:116,0
DA:117,0
DA:118,0
DA:119,5
DA:121,5
DA:122,5
DA:123,5
DA:125,0
DA:128,11
DA:144,10
DA:145,10
DA:146,20
DA:157,6
DA:158,6
DA:159,12
DA:160,12
DA:161,5
DA:162,5
DA:163,2
DA:164,4
DA:166,4
DA:178,2
DA:179,2
DA:180,4
DA:181,4
DA:182,2
DA:183,0
DA:184,1
DA:185,4
DA:187,0
DA:199,2
DA:205,6
DA:206,4
DA:207,4
DA:208,8
DA:220,1
DA:226,1
DA:227,2
DA:228,1
DA:229,0
DA:232,3
DA:233,2
DA:234,4
DA:249,1
DA:250,2
DA:251,2
DA:252,2
DA:253,4
DA:255,0
DA:272,6
DA:282,12
DA:283,12
DA:284,4
DA:285,16
DA:286,6
DA:287,0
DA:288,0
DA:289,0
DA:290,6
DA:291,3
DA:292,1
DA:293,4
DA:294,4
DA:295,0
DA:296,0
DA:297,0
DA:298,4
DA:299,0
DA:300,0
DA:301,0
DA:302,0
DA:304,0
DA:305,4
DA:306,0
DA:307,0
DA:308,0
DA:309,0
DA:311,0
DA:312,4
DA:313,6
DA:314,2
DA:315,8
DA:316,2
DA:318,0
DA:321,6
DA:327,6
DA:332,11
DA:333,12
DA:334,22
DA:335,43
DA:336,60
DA:342,14
DA:356,3
DA:357,14
DA:358,10
DA:359,3
DA:360,0
DA:361,0
DA:365,3
DA:366,3
DA:367,3
DA:368,3
DA:369,3
DA:372,3
DA:377,1
DA:378,1
DA:379,4
DA:383,2
DA:384,12
DA:385,2
DA:386,2
DA:387,2
DA:388,2
DA:389,2
DA:390,2
DA:391,2
DA:392,2
DA:395,1
DA:402,2
DA:405,16
DA:407,4
DA:408,0
DA:411,2
DA:412,4
DA:413,0
DA:415,1
DA:416,0
DA:418,1
DA:423,6
DA:424,6
DA:426,8
DA:427,8
DA:428,8
DA:431,2
DA:432,2
DA:433,2
DA:434,2
DA:437,2
DA:442,2
DA:455,9
DA:456,36
DA:457,0
DA:458,0
DA:462,27
DA:463,9
DA:464,36
DA:465,0
DA:468,0
DA:469,0
DA:472,36
DA:474,18
DA:481,3
DA:482,12
DA:483,0
DA:484,0
DA:488,9
DA:489,3
DA:490,12
DA:491,0
DA:494,0
DA:495,0
DA:498,12
DA:500,6
DA:515,1
DA:516,5
DA:517,0
DA:518,0
DA:521,4
DA:522,5
DA:523,0
DA:524,0
DA:531,1
DA:532,0
DA:535,1
DA:536,3
DA:537,2
DA:539,0
DA:540,0
DA:544,0
DA:546,2
DA:552,4
DA:553,1
DA:554,1
DA:555,4
DA:556,4
DA:561,1
DA:569,1
DA:570,4
DA:571,0
DA:574,1
DA:575,3
DA:576,3
DA:578,3
DA:579,1
DA:580,4
DA:581,0
DA:584,0
DA:585,0
DA:589,1
DA:590,2
DA:591,2
DA:594,3
DA:595,5
DA:599,4
DA:608,0
DA:609,0
DA:610,0
DA:613,0
DA:614,0
DA:615,0
DA:617,0
DA:620,0
DA:621,0
DA:622,0
DA:623,0
DA:626,0
DA:627,0
DA:631,0
DA:632,0
DA:633,0
DA:634,0
DA:638,0
DA:641,0
DA:642,0
DA:646,0
DA:661,4
DA:662,4
DA:663,3
DA:664,4
DA:665,12
DA:666,1
DA:667,3
DA:668,1
DA:670,9
DA:671,12
DA:672,0
DA:673,0
DA:676,3
DA:678,3
DA:680,5
DA:682,4
DA:683,5
DA:690,1
DA:692,0
DA:694,0
DA:695,0
DA:697,0
DA:698,0
DA:706,0
DA:708,0
DA:711,0
DA:712,0
DA:728,3
DA:729,3
DA:730,0
DA:731,0
DA:732,0
DA:734,0
DA:736,3
DA:737,9
DA:738,1
DA:739,3
DA:740,2
DA:741,1
DA:743,1
DA:744,0
DA:746,1
DA:749,6
DA:750,8
DA:751,0
DA:752,0
DA:755,2
DA:757,3
DA:759,5
DA:761,4
DA:762,5
DA:769,1
DA:771,0
DA:773,0
DA:774,0
DA:776,0
DA:777,0
DA:784,0
DA:786,0
DA:787,0
DA:789,0
DA:793,0
DA:794,0
DA:799,3
DA:813,6
DA:814,12
DA:818,9
DA:819,3
DA:827,3
DA:828,9
DA:829,9
DA:830,9
DA:836,3
DA:846,12
DA:847,1
DA:848,2
DA:849,1
DA:852,1
DA:863,0
DA:864,0
DA:867,0
DA:879,0
DA:882,0
DA:894,6
DA:895,3
DA:896,12
DA:897,0
DA:900,0
DA:911,6
DA:912,3
DA:915,3
DA:927,0
DA:930,0
DA:943,0
DA:944,0
DA:945,0
DA:948,0
DA:959,0
DA:960,0
DA:963,0
DA:975,0
DA:978,0
DA:993,3
DA:994,3
DA:995,0
DA:996,0
DA:997,0
DA:1000,3
DA:1001,0
DA:1002,0
DA:1003,0
DA:1006,3
DA:1007,3
DA:1008,3
DA:1009,6
DA:1013,0
DA:1021,3
DA:1023,3
DA:1026,6
DA:1029,6
DA:1030,6
DA:1031,6
DA:1032,6
DA:1033,1
DA:1038,3
DA:1039,3
DA:1040,3
DA:1041,3
DA:1043,3
DA:1044,3
DA:1048,3
DA:1049,3
DA:1051,6
DA:1060,3
DA:1062,3
DA:1065,4
DA:1068,6
DA:1069,6
DA:1070,6
DA:1071,6
DA:1072,0
DA:1077,3
DA:1078,3
DA:1079,3
DA:1080,3
DA:1082,3
DA:1083,3
DA:1087,3
DA:1088,3
DA:1090,6
DA:1099,0
DA:1101,0
DA:1104,0
DA:1107,0
DA:1108,0
DA:1109,0
DA:1110,0
DA:1111,0
DA:1116,0
DA:1117,0
DA:1118,0
DA:1119,0
DA:1121,0
DA:1122,0
DA:1126,0
DA:1127,0
DA:1129,0
DA:1138,1
DA:1140,1
DA:1143,2
DA:1146,2
DA:1147,0
DA:1148,0
DA:1149,0
DA:1150,1
DA:1155,0
DA:1156,0
DA:1157,0
DA:1158,0
DA:1160,0
DA:1161,0
DA:1165,0
DA:1166,0
DA:1168,0
DA:1177,2
DA:1179,2
DA:1182,2
DA:1185,2
DA:1186,2
DA:1187,2
DA:1188,2
DA:1190,2
DA:1191,2
DA:1195,2
DA:1196,2
DA:1198,4
DA:1215,4
DA:1216,16
DA:1217,0
DA:1220,4
DA:1221,4
DA:1225,4
DA:1226,12
DA:1227,4
DA:1228,4
DA:1229,2
DA:1230,20
DA:1231,0
DA:1232,0
DA:1235,2
DA:1236,4
DA:1237,6
DA:1238,4
DA:1240,4
DA:1244,16
DA:1245,8
DA:1246,4
DA:1247,2
DA:1249,4
DA:1250,6
DA:1251,0
DA:1252,3
DA:1253,12
DA:1254,0
DA:1256,0
DA:1257,0
DA:1260,12
DA:1262,4
DA:1263,10
DA:1264,16
DA:1265,4
DA:1267,4
DA:1268,4
DA:1271,16
DA:1272,16
DA:1274,12
DA:1275,4
DA:1276,0
DA:1277,0
DA:1279,4
DA:1280,16
DA:1281,16
DA:1283,2
DA:1285,6
DA:1286,2
DA:1291,4
DA:1292,2
DA:1296,6
DA:1297,4
DA:1304,4
DA:1321,2
DA:1322,8
DA:1323,0
DA:1325,8
DA:1326,4
DA:1327,2
DA:1334,2
DA:1335,8
DA:1338,2
DA:1347,6
DA:1348,4
DA:1352,4
DA:1353,2
DA:1354,0
DA:1356,2
DA:1357,0
DA:1358,0
DA:1359,0
DA:1360,0
DA:1361,0
DA:1367,0
DA:1370,2
DA:1372,6
DA:1374,10
DA:1375,2
DA:1376,2
DA:1377,8
DA:1382,6
DA:1383,2
DA:1385,2
DA:1386,2
DA:1387,2
DA:1393,2
DA:1394,2
DA:1396,2
DA:1398,2
DA:1399,8
DA:1400,4
DA:1401,2
DA:1402,8
DA:1403,0
DA:1405,0
DA:1406,0
DA:1409,2
DA:1410,2
DA:1411,2
DA:1417,2
DA:1418,2
DA:1425,9
DA:1426,9
DA:1427,36
DA:1431,9
DA:1437,27
DA:1438,18
DA:1441,36
DA:1442,9
DA:1443,18
DA:1462,1
DA:1463,2
DA:1464,4
DA:1465,1
DA:1467,2
DA:1474,3
DA:1476,2
DA:1477,2
DA:1479,1
DA:1481,1
DA:1482,1
DA:1484,3
DA:1487,1
DA:1508,1
DA:1509,2
DA:1513,2
DA:1514,3
DA:1515,1
DA:1518,1
DA:1519,3
DA:1520,3
DA:1522,2
DA:1523,3
DA:1524,1
DA:1525,3
DA:1528,1
DA:1529,1
DA:1530,2
DA:1531,3
DA:1532,0
DA:1534,1
DA:1535,3
DA:1536,0
DA:1537,0
DA:1540,1
DA:1543,0
DA:1546,1
DA:1547,1
DA:1549,2
DA:1550,1
DA:1551,3
DA:1552,3
DA:1556,1
DA:1571,2
DA:1572,4
DA:1573,6
DA:1574,3
DA:1576,6
DA:1577,3
DA:1580,3
DA:1581,3
DA:1583,2
DA:1585,4
DA:1586,4
DA:1588,2
DA:1589,4
DA:1590,2
DA:1592,2
DA:1593,4
DA:1594,2
DA:1596,2
DA:1615,1
DA:1616,2
DA:1621,2
DA:1622,1
DA:1623,1
DA:1624,2
DA:1625,3
DA:1626,1
DA:1630,1
DA:1631,1
DA:1633,0
DA:1638,1
DA:1639,1
DA:1641,3
DA:1642,1
DA:1643,1
DA:1645,3
DA:1646,0
DA:1647,3
DA:1648,0
DA:1650,3
DA:1651,2
DA:1654,4
DA:1655,1
DA:1657,4
DA:1658,1
DA:1661,1
DA:1662,2
DA:1663,1
DA:1664,1
DA:1668,2
DA:1670,3
DA:1671,3
DA:1675,2
DA:1676,3
DA:1677,3
DA:1681,1
DA:1682,1
DA:1684,2
DA:1685,4
DA:1686,4
DA:1689,1
DA:1696,1
DA:1697,1
DA:1698,2
DA:1699,2
DA:1709,2
DA:1710,6
DA:1711,0
DA:1721,5
DA:1723,2
DA:1724,2
DA:1725,0
DA:1726,2
DA:1727,10
DA:1729,0
DA:1730,0
DA:1735,0
DA:1736,0
DA:1737,0
DA:1738,0
DA:1739,0
DA:1741,0
DA:1742,0
DA:1747,1
DA:1748,1
DA:1749,0
DA:1750,0
DA:1751,0
DA:1753,1
DA:1754,1
DA:1755,5
DA:1757,0
DA:1758,0
DA:1763,0
DA:1764,0
DA:1765,0
DA:1766,0
DA:1767,0
DA:1768,0
DA:1769,0
DA:1771,0
DA:1772,0
DA:1773,0
DA:1774,0
DA:1776,0
DA:1777,0
DA:1782,0
DA:1783,0
DA:1785,4
DA:1787,28
DA:1789,0
DA:1790,0
DA:1796,5
DA:1799,2
DA:1801,3
DA:1802,9
DA:1804,0
DA:1806,0
DA:1809,5
DA:1811,40
DA:1814,5
DA:1816,20
DA:1817,25
DA:1824,5
DA:1827,0
DA:1829,2
DA:1830,4
DA:1832,0
DA:1834,0
DA:1837,5
DA:1839,15
DA:1842,5
DA:1844,10
DA:1850,4
DA:1856,3
DA:1871,4
DA:1872,8
DA:1875,6
DA:1881,2
DA:1887,2
LF:745
LH:522
end_of_record
SF:/usr/local/google/home/sigurdm/projects/math/pkgs/num_dart/lib/src/broadcasting.dart
DA:7,4
DA:27,4
DA:28,4
DA:29,4
DA:30,4
DA:31,4
DA:33,17
DA:34,4
DA:35,4
DA:36,4
DA:38,8
DA:40,24
DA:41,24
DA:43,4
DA:44,9
DA:45,6
DA:46,21
DA:47,6
DA:48,21
DA:49,3
DA:50,6
DA:52,4
DA:53,14
DA:54,3
DA:55,9
DA:56,6
DA:57,21
DA:60,0
DA:61,0
DA:66,4
LF:30
LH:28
end_of_record
SF:/usr/local/google/home/sigurdm/projects/math/pkgs/num_dart/lib/src/operations.dart
DA:15,1
DA:16,1
DA:17,0
DA:19,2
DA:20,0
DA:23,1
DA:26,0
DA:28,0
DA:33,3
DA:61,3
DA:276,0
DA:277,0
DA:280,0
DA:281,0
DA:284,0
DA:285,0
DA:288,0
DA:289,0
DA:292,1
DA:293,1
DA:294,1
DA:295,1
DA:296,1
DA:297,2
DA:298,3
DA:301,0
DA:302,0
DA:303,0
DA:304,0
DA:305,0
DA:306,0
DA:307,0
DA:315,3
DA:317,2
DA:318,6
DA:319,6
DA:320,6
DA:325,3
DA:326,3
DA:327,3
DA:328,0
DA:329,0
DA:332,0
DA:333,0
DA:334,0
DA:342,2
DA:343,6
DA:346,10
DA:347,4
DA:349,0
DA:350,0
DA:353,6
DA:354,9
DA:356,6
DA:357,9
DA:362,2
DA:363,2
DA:364,2
DA:365,2
DA:367,2
DA:369,0
DA:370,0
DA:373,2
DA:376,10
DA:377,10
DA:378,9
DA:384,4
DA:385,2
DA:386,2
DA:387,2
DA:388,2
DA:390,6
DA:391,2
DA:392,2
DA:393,2
DA:394,2
DA:398,6
DA:399,8
DA:401,10
DA:402,0
DA:406,2
DA:407,2
DA:408,2
DA:409,2
DA:414,4
DA:415,0
DA:416,0
DA:417,0
DA:418,0
DA:419,0
DA:420,0
DA:421,0
DA:423,0
DA:424,0
DA:425,0
DA:427,0
DA:428,0
DA:429,0
DA:432,0
DA:433,0
DA:434,0
DA:440,2
DA:441,2
DA:442,4
DA:443,2
DA:444,8
DA:445,0
DA:448,0
DA:457,0
DA:459,4
DA:460,2
DA:463,2
DA:472,4
DA:475,0
DA:478,0
DA:487,0
DA:490,0
DA:491,0
DA:492,0
DA:493,0
DA:496,0
DA:505,0
DA:508,0
DA:509,0
DA:510,0
DA:511,0
DA:514,0
DA:523,0
DA:527,0
DA:528,0
DA:529,0
DA:530,0
DA:531,0
DA:532,0
DA:535,0
DA:544,0
DA:547,0
DA:550,0
DA:559,0
DA:562,0
DA:563,0
DA:564,0
DA:565,0
DA:568,0
DA:577,0
DA:582,0
DA:583,0
DA:584,0
DA:585,0
DA:594,0
DA:601,2
DA:615,4
DA:616,8
DA:620,6
DA:621,2
DA:629,2
DA:630,6
DA:631,6
DA:632,6
DA:642,2
DA:644,10
DA:645,4
DA:646,0
DA:647,0
DA:649,2
DA:650,0
DA:651,0
DA:656,2
DA:657,2
DA:658,2
DA:659,2
DA:661,6
DA:662,2
DA:663,2
DA:665,3
DA:666,1
DA:667,4
DA:668,0
DA:669,0
DA:670,0
DA:673,0
DA:682,0
DA:684,0
DA:685,0
DA:688,0
DA:697,0
DA:700,0
DA:703,0
DA:712,0
DA:715,2
DA:716,1
DA:717,2
DA:718,1
DA:721,1
DA:730,6
DA:733,0
DA:734,0
DA:735,0
DA:736,0
DA:739,0
DA:748,0
DA:752,1
DA:753,1
DA:754,2
DA:755,1
DA:756,2
DA:757,1
DA:760,1
DA:769,2
DA:772,0
DA:775,0
DA:784,0
DA:787,0
DA:788,0
DA:789,0
DA:790,0
DA:793,0
DA:802,0
DA:807,0
DA:808,0
DA:809,0
DA:810,0
DA:819,0
DA:830,2
DA:832,10
DA:833,6
DA:834,2
DA:835,9
DA:837,2
DA:838,0
DA:839,0
DA:844,2
DA:845,2
DA:846,2
DA:847,2
DA:849,6
DA:850,2
DA:851,2
DA:853,3
DA:854,1
DA:855,4
DA:856,0
DA:857,0
DA:858,0
DA:861,0
DA:870,0
DA:872,0
DA:873,0
DA:876,0
DA:885,0
DA:888,0
DA:891,0
DA:900,0
DA:903,4
DA:904,0
DA:905,0
DA:906,0
DA:909,0
DA:918,0
DA:921,2
DA:922,1
DA:923,2
DA:924,1
DA:927,1
DA:936,2
DA:940,1
DA:941,1
DA:942,2
DA:943,1
DA:944,2
DA:945,1
DA:948,1
DA:957,2
DA:960,0
DA:963,0
DA:972,0
DA:975,0
DA:976,0
DA:977,0
DA:978,0
DA:981,0
DA:990,0
DA:995,0
DA:996,0
DA:997,0
DA:998,0
DA:1007,0
DA:1018,2
DA:1020,10
DA:1021,2
DA:1022,0
DA:1023,0
DA:1025,2
DA:1026,0
DA:1027,0
DA:1032,2
DA:1033,2
DA:1034,2
DA:1035,2
DA:1038,6
DA:1039,3
DA:1043,2
DA:1044,2
DA:1046,4
DA:1047,0
DA:1048,0
DA:1049,0
DA:1050,0
DA:1051,0
DA:1054,0
DA:1063,0
DA:1065,0
DA:1066,0
DA:1069,0
DA:1078,0
DA:1081,0
DA:1084,0
DA:1093,0
DA:1096,0
DA:1097,0
DA:1098,0
DA:1100,0
DA:1103,0
DA:1112,0
DA:1115,0
DA:1116,0
DA:1117,0
DA:1118,0
DA:1121,0
DA:1130,0
DA:1136,2
DA:1137,6
DA:1138,1
DA:1139,2
DA:1140,1
DA:1143,1
DA:1152,2
DA:1155,0
DA:1158,0
DA:1167,0
DA:1170,2
DA:1171,1
DA:1172,4
DA:1173,0
DA:1176,0
DA:1185,0
DA:1189,1
DA:1192,1
DA:1201,2
DA:1211,2
DA:1212,2
DA:1213,2
DA:1214,2
DA:1215,2
DA:1217,3
DA:1218,6
DA:1219,6
DA:1221,1
DA:1222,1
DA:1223,1
DA:1224,1
DA:1225,1
DA:1226,1
DA:1228,0
DA:1229,0
DA:1237,2
DA:1238,8
DA:1239,0
DA:1243,2
DA:1244,0
DA:1246,2
DA:1247,0
DA:1254,6
DA:1255,1
DA:1257,3
DA:1258,3
DA:1265,6
DA:1266,1
DA:1268,3
DA:1269,3
DA:1275,4
DA:1276,4
DA:1278,6
DA:1279,6
DA:1280,6
DA:1281,6
DA:1283,2
DA:1284,0
DA:1285,0
DA:1289,6
DA:1290,6
DA:1291,2
DA:1293,6
DA:1294,2
DA:1296,2
DA:1297,2
DA:1298,2
DA:1300,2
DA:1301,2
DA:1303,3
DA:1304,2
DA:1305,2
DA:1306,2
DA:1308,1
DA:1309,4
DA:1310,2
DA:1313,0
DA:1316,1
DA:1317,4
DA:1318,2
DA:1321,1
DA:1325,2
DA:1326,2
DA:1327,5
DA:1328,1
DA:1329,2
DA:1332,2
DA:1333,2
DA:1334,2
DA:1342,6
DA:1344,6
DA:1347,6
DA:1353,1
DA:1354,1
DA:1355,1
DA:1356,1
DA:1358,2
DA:1359,1
DA:1360,1
DA:1361,2
DA:1362,2
DA:1363,2
DA:1368,2
DA:1372,2
DA:1374,2
DA:1375,4
DA:1376,1
DA:1378,2
DA:1379,4
DA:1380,1
DA:1397,2
DA:1399,2
DA:1400,4
DA:1401,10
DA:1402,2
DA:1403,0
DA:1406,4
DA:1409,4
DA:1410,0
DA:1413,3
DA:1414,2
DA:1416,1
DA:1419,3
DA:1422,2
DA:1438,1
DA:1440,4
DA:1443,4
DA:1444,0
DA:1447,3
DA:1448,2
DA:1450,1
DA:1453,3
DA:1456,2
DA:1474,1
DA:1475,2
DA:1476,2
DA:1478,0
DA:1479,0
DA:1483,1
DA:1484,2
DA:1485,7
DA:1487,0
DA:1488,0
DA:1493,0
DA:1494,0
DA:1500,1
DA:1501,2
DA:1502,2
DA:1504,0
DA:1505,0
DA:1509,1
DA:1510,2
DA:1511,7
DA:1513,0
DA:1514,0
DA:1519,0
DA:1520,0
DA:1526,1
DA:1527,2
DA:1528,4
DA:1529,6
DA:1535,1
DA:1536,2
DA:1537,4
DA:1538,6
DA:1544,1
DA:1545,2
DA:1546,4
DA:1547,6
DA:1556,2
DA:1557,2
DA:1559,6
DA:1561,2
DA:1562,4
DA:1563,5
DA:1578,2
DA:1579,2
DA:1584,8
DA:1585,8
DA:1586,4
DA:1588,6
DA:1591,2
DA:1592,1
DA:1593,1
DA:1595,1
DA:1596,1
DA:1599,2
DA:1600,4
DA:1601,5
DA:1604,1
DA:1613,2
DA:1614,2
DA:1616,2
DA:1618,1
DA:1627,1
DA:1629,4
DA:1632,4
DA:1633,0
DA:1636,3
DA:1637,1
DA:1638,1
DA:1639,2
DA:1646,1
DA:1649,3
DA:1652,3
DA:1662,1
DA:1664,4
DA:1667,4
DA:1668,0
DA:1671,3
DA:1672,1
DA:1673,1
DA:1674,2
DA:1675,1
DA:1681,1
DA:1684,3
DA:1687,3
DA:1707,2
DA:1708,16
DA:1709,0
DA:1711,4
DA:1712,4
DA:1715,2
DA:1716,0
DA:1722,2
DA:1723,2
DA:1724,2
DA:1725,3
DA:1727,0
DA:1728,0
DA:1732,1
DA:1736,2
DA:1740,1
DA:1741,0
DA:1742,1
DA:1743,0
DA:1745,1
DA:1748,2
DA:1752,1
DA:1753,0
DA:1754,0
DA:1758,4
DA:1759,4
DA:1760,6
DA:1762,0
DA:1763,0
DA:1767,2
DA:1771,4
DA:1775,2
DA:1776,0
DA:1777,2
DA:1778,1
DA:1780,2
DA:1783,4
DA:1787,2
DA:1788,0
DA:1789,0
DA:1794,2
DA:1812,1
DA:1813,2
DA:1814,0
DA:1816,8
DA:1817,0
DA:1819,2
DA:1822,1
DA:1823,2
DA:1824,1
DA:1831,1
DA:1835,2
DA:1840,1
DA:1841,0
DA:1847,1
DA:1854,2
DA:1855,5
DA:1856,2
DA:1857,1
DA:1861,2
DA:1862,1
DA:1867,1
DA:1868,1
DA:1896,1
DA:1897,8
DA:1898,0
DA:1900,2
DA:1902,5
DA:1903,0
DA:1904,0
DA:1908,5
DA:1912,4
DA:1913,1
DA:1914,2
DA:1915,1
DA:1918,1
DA:1919,2
DA:1920,1
DA:1924,1
DA:1928,2
DA:1931,2
DA:1934,1
DA:1935,0
DA:1936,1
DA:1937,1
DA:1938,1
DA:1940,4
DA:1941,1
DA:1942,2
DA:1943,1
DA:1946,1
DA:1947,2
DA:1948,1
DA:1952,1
DA:1956,2
DA:1959,2
DA:1962,1
DA:1963,0
DA:1964,1
DA:1965,0
DA:1966,1
DA:1968,4
DA:1969,2
DA:1970,2
DA:1972,2
DA:1973,3
DA:1975,2
DA:1976,3
DA:1978,1
DA:1982,2
DA:1985,2
DA:1988,1
DA:1989,0
DA:1990,1
DA:1991,0
DA:1992,1
DA:1994,2
DA:1995,0
DA:1996,0
DA:1998,0
DA:1999,0
DA:2001,0
DA:2002,0
DA:2004,0
DA:2008,0
DA:2011,0
DA:2014,0
DA:2015,0
DA:2016,0
DA:2017,0
DA:2018,0
DA:2022,2
DA:2023,4
DA:2024,5
DA:2027,2
DA:2028,4
DA:2029,5
DA:2032,1
DA:2036,2
DA:2039,2
DA:2042,1
DA:2043,0
DA:2044,1
DA:2045,0
DA:2047,1
DA:2051,1
DA:2060,1
DA:2061,8
DA:2062,0
DA:2064,2
DA:2066,1
DA:2067,1
DA:2069,2
DA:2070,2
DA:2071,0
DA:2072,0
DA:2073,2
DA:2074,2
DA:2076,2
DA:2077,3
DA:2079,4
DA:2080,5
DA:2081,3
DA:2085,2
DA:2086,2
DA:2088,1
DA:2093,2
DA:2095,2
DA:2096,2
DA:2098,2
DA:2102,1
DA:2103,0
DA:2104,1
DA:2105,0
DA:2109,1
DA:2110,1
DA:2111,0
DA:2112,0
DA:2113,0
DA:2115,0
DA:2116,0
DA:2118,0
DA:2119,0
DA:2120,0
DA:2124,0
DA:2125,0
DA:2127,0
DA:2132,0
DA:2134,0
DA:2135,0
DA:2137,0
DA:2141,0
DA:2142,0
DA:2143,0
DA:2144,0
DA:2148,0
DA:2149,0
DA:2151,0
DA:2156,1
DA:2164,3
DA:2167,4
DA:2168,5
DA:2172,2
DA:2174,4
DA:2175,5
DA:2178,7
DA:2182,4
DA:2183,1
DA:2184,2
DA:2189,1
DA:2190,1
DA:2191,0
DA:2194,1
DA:2195,2
DA:2196,1
DA:2198,2
DA:2199,0
DA:2202,3
DA:2203,1
DA:2204,2
DA:2205,0
DA:2207,3
DA:2208,0
DA:2210,2
DA:2211,6
DA:2212,0
DA:2217,2
DA:2219,2
DA:2220,3
DA:2222,1
DA:2224,1
DA:2227,2
DA:2228,1
DA:2233,1
DA:2236,3
DA:2242,1
DA:2250,3
DA:2251,1
DA:2252,2
DA:2253,2
DA:2257,4
DA:2258,1
DA:2259,1
DA:2265,1
DA:2271,1
DA:2272,1
DA:2276,1
DA:2277,1
DA:2297,1
DA:2299,1
DA:2300,1
DA:2301,1
DA:2302,1
DA:2304,0
DA:2307,2
DA:2308,1
DA:2309,2
DA:2313,1
DA:2314,3
DA:2315,0
DA:2316,1
DA:2318,1
DA:2319,3
DA:2320,7
DA:2323,1
DA:2324,3
DA:2325,7
DA:2328,1
DA:2329,2
DA:2330,4
DA:2333,2
DA:2335,2
DA:2340,1
DA:2346,3
DA:2347,5
DA:2348,3
DA:2349,4
DA:2350,6
DA:2352,2
DA:2356,4
DA:2357,1
DA:2358,2
DA:2383,1
DA:2388,1
DA:2391,2
DA:2392,3
DA:2393,3
DA:2395,1
DA:2399,1
DA:2400,1
DA:2401,2
DA:2402,3
DA:2403,1
DA:2404,2
DA:2405,1
DA:2406,2
DA:2408,4
DA:2409,1
DA:2410,4
DA:2413,1
DA:2415,0
DA:2418,4
DA:2419,3
DA:2420,5
DA:2423,2
DA:2424,2
DA:2426,2
DA:2428,1
DA:2431,3
DA:2440,1
DA:2448,3
DA:2449,2
DA:2450,3
DA:2452,1
DA:2454,1
DA:2455,2
DA:2456,1
DA:2457,2
DA:2462,4
DA:2463,1
DA:2464,1
DA:2468,1
DA:2475,1
DA:2486,2
DA:2487,3
DA:2491,3
DA:2492,1
DA:2498,1
DA:2499,3
DA:2500,3
DA:2510,1
DA:2511,4
DA:2512,1
DA:2514,2
DA:2515,2
DA:2517,1
DA:2518,2
DA:2519,7
DA:2521,0
DA:2522,0
DA:2526,0
DA:2528,0
DA:2529,0
DA:2530,0
DA:2531,0
DA:2532,0
DA:2533,0
DA:2538,0
DA:2541,0
DA:2542,0
DA:2543,0
DA:2544,0
DA:2545,0
DA:2550,0
DA:2560,1
DA:2561,2
DA:2562,2
DA:2563,2
DA:2564,2
DA:2565,0
DA:2567,1
DA:2568,1
DA:2569,2
DA:2573,1
DA:2574,1
DA:2575,1
DA:2577,2
DA:2578,1
DA:2579,2
DA:2580,1
DA:2583,1
DA:2585,1
DA:2586,1
DA:2592,2
DA:2595,0
DA:2598,0
DA:2600,0
DA:2601,0
DA:2607,0
DA:2611,0
DA:2612,0
DA:2613,0
DA:2616,0
DA:2618,0
DA:2619,0
DA:2625,0
DA:2628,0
DA:2631,0
DA:2633,0
DA:2634,0
DA:2640,0
DA:2651,1
DA:2652,4
DA:2653,0
DA:2655,2
DA:2656,2
DA:2657,2
DA:2659,6
DA:2660,4
DA:2661,0
DA:2662,0
DA:2663,0
DA:2664,0
DA:2665,0
DA:2670,0
DA:2673,1
DA:2674,1
DA:2675,1
DA:2676,1
DA:2677,1
DA:2692,1
DA:2693,4
DA:2694,0
DA:2696,2
DA:2697,2
DA:2698,2
DA:2700,6
DA:2701,4
DA:2702,0
DA:2703,0
DA:2704,0
DA:2705,0
DA:2706,0
DA:2711,0
DA:2714,1
DA:2715,1
DA:2716,1
DA:2717,1
DA:2718,1
DA:2733,1
DA:2734,4
DA:2735,0
DA:2737,2
DA:2738,2
DA:2739,2
DA:2741,1
DA:2742,2
DA:2743,3
DA:2745,4
DA:2746,0
DA:2747,0
DA:2748,0
DA:2749,0
DA:2750,0
DA:2755,0
DA:2758,1
DA:2759,1
DA:2760,1
DA:2761,1
DA:2762,1
DA:2779,1
DA:2780,2
DA:2781,2
DA:2784,2
DA:2785,2
DA:2787,1
DA:2788,1
DA:2789,1
DA:2790,1
DA:2791,1
DA:2796,9
DA:2801,0
DA:2802,0
DA:2804,0
DA:2805,0
DA:2806,0
DA:2807,0
DA:2808,0
DA:2809,0
DA:2814,0
DA:2817,0
DA:2818,0
DA:2819,0
DA:2820,0
DA:2821,0
DA:2826,0
DA:2836,1
DA:2837,4
DA:2838,0
DA:2840,3
DA:2842,1
DA:2843,2
DA:2844,7
DA:2846,0
DA:2847,0
DA:2851,0
DA:2853,0
DA:2854,0
DA:2855,0
DA:2856,0
DA:2857,0
DA:2858,0
DA:2863,0
DA:2866,0
DA:2867,0
DA:2868,0
DA:2869,0
DA:2870,0
DA:2875,0
DA:2885,1
DA:2886,4
DA:2887,0
DA:2889,3
DA:2891,1
DA:2892,2
DA:2893,7
DA:2895,0
DA:2896,0
DA:2900,0
DA:2902,0
DA:2903,0
DA:2904,0
DA:2905,0
DA:2906,0
DA:2907,0
DA:2912,0
DA:2915,0
DA:2916,0
DA:2917,0
DA:2918,0
DA:2919,0
DA:2924,0
DA:2934,1
DA:2935,4
DA:2936,0
DA:2938,3
DA:2940,1
DA:2941,2
DA:2942,7
DA:2944,0
DA:2945,0
DA:2949,0
DA:2951,0
DA:2952,0
DA:2953,0
DA:2954,0
DA:2955,0
DA:2956,0
DA:2961,0
DA:2964,0
DA:2965,0
DA:2966,0
DA:2967,0
DA:2968,0
DA:2973,0
DA:2986,1
DA:2987,4
DA:2988,0
DA:2990,3
DA:2992,1
DA:2993,2
DA:2994,9
DA:2996,0
DA:2997,0
DA:3001,0
DA:3003,0
DA:3004,0
DA:3005,0
DA:3006,0
DA:3007,0
DA:3008,0
DA:3009,0
DA:3010,0
DA:3015,0
DA:3018,0
DA:3019,0
DA:3020,0
DA:3021,0
DA:3022,0
DA:3023,0
DA:3024,0
DA:3029,0
DA:3035,2
DA:3036,2
DA:3038,2
DA:3039,0
DA:3040,2
DA:3041,2
DA:3050,1
DA:3051,2
DA:3052,2
DA:3053,1
DA:3055,4
DA:3056,0
DA:3058,0
DA:3059,0
DA:3060,0
DA:3065,0
DA:3067,4
DA:3068,0
DA:3070,0
DA:3071,0
DA:3072,0
DA:3077,0
DA:3080,1
DA:3082,1
DA:3083,1
DA:3084,1
DA:3089,2
DA:3099,1
DA:3100,1
DA:3101,1
DA:3102,1
DA:3103,1
DA:3104,1
DA:3106,1
DA:3111,1
DA:3112,1
DA:3114,3
DA:3123,1
DA:3124,1
DA:3125,1
DA:3126,1
DA:3127,1
DA:3128,1
DA:3130,1
DA:3135,1
DA:3136,1
DA:3138,3
DA:3147,1
DA:3148,1
DA:3149,1
DA:3150,1
DA:3151,1
DA:3152,1
DA:3154,1
DA:3159,1
DA:3160,1
DA:3162,4
DA:3167,1
DA:3177,4
DA:3178,0
DA:3179,0
DA:3180,0
DA:3183,0
DA:3194,0
DA:3195,0
DA:3198,0
DA:3210,0
DA:3213,0
DA:3225,4
DA:3226,0
DA:3227,0
DA:3228,0
DA:3231,0
DA:3242,0
DA:3243,0
DA:3246,0
DA:3258,0
DA:3261,0
DA:3274,1
DA:3275,4
DA:3276,0
DA:3279,0
DA:3290,4
DA:3291,0
DA:3294,0
DA:3306,1
DA:3309,1
DA:3343,1
DA:3344,2
DA:3345,1
DA:3346,0
DA:3349,2
DA:3350,2
DA:3351,0
DA:3354,2
DA:3355,2
DA:3356,2
DA:3357,2
DA:3361,1
DA:3362,4
DA:3365,3
DA:3366,4
DA:3367,3
DA:3368,4
DA:3369,3
DA:3370,2
DA:3371,3
DA:3374,2
DA:3375,6
DA:3376,1
DA:3386,4
DA:3388,4
DA:3390,2
DA:3393,2
DA:3397,0
DA:3400,2
DA:3401,1
DA:3403,2
DA:3404,2
DA:3407,2
DA:3408,2
DA:3409,2
DA:3410,0
DA:3411,2
DA:3412,2
DA:3413,2
DA:3414,2
DA:3417,3
DA:3439,1
DA:3440,2
DA:3441,1
DA:3442,0
DA:3445,2
DA:3446,2
DA:3447,0
DA:3450,2
DA:3451,0
DA:3452,0
DA:3453,0
DA:3457,1
DA:3458,0
DA:3461,2
DA:3462,4
DA:3463,1
DA:3465,2
DA:3467,2
DA:3468,1
DA:3469,2
DA:3471,4
DA:3472,1
DA:3473,1
DA:3474,6
DA:3476,4
DA:3477,0
DA:3478,0
DA:3479,0
DA:3481,2
DA:3482,1
DA:3483,2
DA:3484,2
DA:3485,2
DA:3486,6
DA:3487,3
DA:3490,0
DA:3493,2
DA:3494,4
DA:3501,0
DA:3517,0
DA:3518,0
DA:3519,0
DA:3520,0
DA:3521,0
DA:3523,0
DA:3524,0
DA:3525,0
DA:3528,0
DA:3529,0
DA:3530,0
DA:3536,0
DA:3537,0
DA:3547,0
DA:3548,0
DA:3549,0
DA:3550,0
DA:3551,0
DA:3556,0
DA:3567,0
DA:3568,0
DA:3569,0
DA:3571,0
DA:3572,0
DA:3573,0
DA:3574,0
DA:3576,0
DA:3592,0
DA:3593,0
DA:3594,0
DA:3595,0
DA:3597,0
DA:3615,0
DA:3646,1
DA:3648,1
DA:3652,0
DA:3656,1
DA:3657,1
DA:3658,1
DA:3660,1
DA:3661,3
DA:3665,1
DA:3668,1
DA:3670,3
DA:3672,1
DA:3674,3
DA:3676,1
DA:3678,3
DA:3681,3
DA:3682,1
DA:3683,1
DA:3686,4
DA:3687,1
DA:3688,2
DA:3689,2
DA:3690,2
DA:3691,1
DA:3693,3
DA:3694,1
DA:3695,2
DA:3696,2
DA:3697,2
DA:3698,1
DA:3702,5
DA:3703,1
DA:3704,2
DA:3705,2
DA:3706,2
DA:3707,2
DA:3708,1
DA:3711,0
DA:3712,0
DA:3713,0
DA:3714,0
DA:3715,0
DA:3716,0
DA:3717,0
DA:3722,1
DA:3723,1
DA:3724,1
DA:3725,1
DA:3726,1
DA:3730,0
DA:3731,0
DA:3736,0
DA:3737,0
DA:3738,0
DA:3752,1
DA:3753,2
DA:3754,3
DA:3756,2
DA:3758,2
DA:3759,3
DA:3760,1
DA:3763,1
DA:3769,3
DA:3770,1
DA:3771,1
DA:3772,3
DA:3773,3
DA:3779,4
DA:3780,1
DA:3781,2
DA:3792,1
DA:3795,1
DA:3796,4
DA:3797,4
DA:3801,0
DA:3802,0
DA:3803,0
DA:3804,0
DA:3806,0
DA:3807,0
DA:3808,0
DA:3813,0
DA:3816,2
DA:3817,1
DA:3818,2
DA:3819,0
DA:3822,3
DA:3823,1
DA:3825,2
DA:3830,1
DA:3837,3
DA:3838,2
DA:3839,2
DA:3841,4
DA:3842,5
DA:3844,3
DA:3849,4
DA:3850,1
DA:3851,2
DA:3861,1
DA:3862,4
DA:3863,0
DA:3868,1
DA:3869,0
DA:3873,4
DA:3874,0
DA:3875,0
DA:3876,0
DA:3877,0
DA:3878,0
DA:3883,1
DA:3884,1
DA:3885,3
DA:3886,2
DA:3887,1
DA:3895,2
DA:3896,1
DA:3897,2
DA:3898,0
DA:3901,3
DA:3902,1
DA:3903,4
DA:3905,1
DA:3908,1
DA:3922,1
DA:3923,4
DA:3924,0
DA:3929,1
DA:3930,0
DA:3934,4
DA:3935,0
DA:3936,0
DA:3937,0
DA:3938,0
DA:3939,0
DA:3944,1
DA:3945,1
DA:3946,3
DA:3947,2
DA:3948,1
DA:3956,0
DA:3957,0
DA:3958,0
DA:3959,0
DA:3962,0
DA:3963,0
DA:3964,0
DA:3966,0
DA:3969,0
DA:3977,1
DA:3985,3
DA:3986,2
DA:3988,4
DA:3989,5
DA:3992,2
DA:3993,1
DA:3994,1
DA:3996,1
DA:3997,1
DA:4000,3
DA:4001,3
DA:4004,0
DA:4005,0
DA:4011,4
DA:4012,1
DA:4013,2
DA:4026,1
DA:4027,8
DA:4028,0
DA:4030,2
DA:4031,2
DA:4032,2
DA:4034,1
DA:4035,1
DA:4037,2
DA:4038,2
DA:4040,2
DA:4041,8
DA:4044,1
DA:4045,4
DA:4046,1
DA:4047,0
DA:4051,4
DA:4053,11
DA:4058,1
DA:4061,1
DA:4062,3
DA:4063,0
DA:4065,2
DA:4066,2
DA:4067,1
DA:4068,2
DA:4070,2
DA:4071,2
DA:4073,1
DA:4074,1
DA:4076,1
DA:4078,1
DA:4079,7
DA:4082,2
DA:4084,2
DA:4085,6
DA:4087,1
DA:4089,1
DA:4090,0
DA:4091,0
DA:4093,3
DA:4094,2
DA:4095,6
DA:4098,3
DA:4100,2
DA:4101,7
DA:4103,1
DA:4104,3
DA:4106,2
DA:4107,7
DA:4113,1
DA:4116,1
DA:4117,3
DA:4118,0
DA:4120,2
DA:4121,2
DA:4122,2
DA:4124,1
DA:4125,0
DA:4126,0
DA:4127,0
DA:4128,0
DA:4129,0
DA:4131,0
DA:4132,0
DA:4134,0
DA:4135,0
DA:4136,0
DA:4137,0
DA:4138,0
DA:4141,0
DA:4142,0
DA:4143,0
DA:4144,0
DA:4149,2
DA:4150,2
DA:4152,2
DA:4153,2
DA:4154,9
DA:4158,2
DA:4159,4
DA:4162,1
DA:4163,1
DA:4168,2
DA:4171,2
DA:4172,3
DA:4177,2
DA:4178,3
DA:4179,3
DA:4180,2
DA:4181,2
DA:4182,2
DA:4185,5
DA:4188,3
DA:4189,7
DA:4190,4
DA:4191,1
DA:4193,2
DA:4194,3
DA:4195,3
DA:4196,6
DA:4197,6
DA:4200,2
DA:4201,3
DA:4202,3
DA:4203,6
DA:4204,6
DA:4212,2
DA:4213,1
DA:4215,2
DA:4217,2
DA:4218,8
DA:4220,1
DA:4221,1
DA:4223,1
DA:4224,2
DA:4225,4
DA:4230,2
DA:4231,5
DA:4233,2
DA:4234,2
DA:4235,2
DA:4237,2
DA:4238,1
DA:4239,3
DA:4241,2
DA:4242,7
DA:4245,2
DA:4246,7
DA:4251,2
DA:4252,2
DA:4253,2
DA:4254,8
DA:4258,2
DA:4259,1
DA:4260,1
DA:4261,4
DA:4263,2
DA:4265,2
DA:4266,7
DA:4268,2
DA:4269,7
DA:4274,6
DA:4275,1
DA:4277,1
DA:4278,2
DA:4279,6
DA:4286,1
LF:1633
LH:1050
end_of_record
SF:/usr/local/google/home/sigurdm/projects/math/pkgs/num_dart/lib/src/io.dart
DA:10,1
DA:12,1
DA:14,1
DA:16,1
DA:18,1
DA:20,1
DA:22,0
DA:24,0
DA:30,1
DA:32,2
DA:34,1
DA:36,1
DA:38,1
DA:40,1
DA:42,1
DA:44,0
DA:46,0
DA:49,0
DA:54,1
DA:56,1
DA:58,1
DA:59,1
DA:61,1
DA:62,1
DA:63,1
DA:65,1
DA:80,1
DA:81,1
DA:82,2
DA:83,0
DA:88,1
DA:89,4
DA:92,2
DA:93,3
DA:94,2
DA:95,3
DA:99,1
DA:103,2
DA:105,7
DA:108,3
DA:109,3
DA:111,1
DA:115,1
DA:117,1
DA:119,2
DA:120,1
DA:121,1
DA:122,1
DA:123,2
DA:124,1
DA:127,1
DA:130,2
DA:132,4
DA:133,3
DA:135,3
DA:136,1
DA:138,1
DA:152,1
DA:153,1
DA:154,1
DA:155,0
DA:158,1
DA:162,1
DA:163,2
DA:164,2
DA:165,2
DA:166,2
DA:167,2
DA:168,2
DA:169,2
DA:170,0
DA:174,1
DA:175,2
DA:176,0
DA:180,1
DA:181,1
DA:182,1
DA:183,1
DA:186,1
DA:187,1
DA:190,2
DA:192,0
DA:196,1
DA:197,1
DA:200,1
DA:203,1
DA:205,0
DA:209,3
DA:212,1
DA:214,1
DA:216,0
DA:220,2
DA:221,1
DA:222,2
DA:223,1
DA:224,1
DA:225,2
DA:230,4
DA:231,2
DA:233,1
DA:236,2
DA:237,2
DA:239,3
DA:240,1
DA:241,2
DA:244,2
DA:248,3
DA:249,1
DA:253,1
DA:258,1
DA:260,1
DA:261,0
DA:264,2
DA:265,3
DA:266,2
DA:267,3
DA:269,1
DA:271,2
DA:273,7
DA:274,3
DA:275,3
DA:277,2
DA:278,1
DA:279,1
DA:280,1
DA:281,2
DA:283,2
DA:285,4
DA:286,3
DA:287,3
DA:289,5
DA:290,1
DA:294,2
DA:302,1
DA:304,2
DA:305,1
DA:307,2
DA:308,1
DA:310,3
DA:311,2
DA:313,3
DA:319,1
DA:320,2
DA:321,2
DA:322,2
DA:323,2
DA:324,2
DA:325,2
DA:326,2
DA:327,0
DA:330,1
DA:331,1
DA:332,2
DA:334,1
DA:336,1
DA:337,1
DA:338,2
DA:341,1
DA:343,2
DA:344,1
DA:345,1
DA:347,1
DA:350,1
DA:351,3
DA:353,2
DA:354,2
DA:355,1
DA:356,2
DA:357,1
DA:358,3
DA:361,4
DA:362,2
DA:364,1
DA:366,0
DA:367,0
DA:369,0
DA:370,0
DA:371,0
DA:373,0
DA:376,1
DA:377,3
DA:379,1
DA:380,1
DA:381,2
DA:384,1
DA:396,1
DA:401,1
DA:403,2
DA:404,2
DA:405,1
DA:406,2
DA:407,1
DA:410,1
DA:414,1
DA:415,1
DA:421,0
DA:424,1
DA:425,2
DA:426,0
DA:428,2
DA:438,1
DA:439,1
DA:440,1
DA:441,0
DA:444,1
DA:445,1
DA:446,1
DA:448,1
DA:450,2
DA:451,3
DA:452,2
DA:453,1
DA:455,1
DA:456,1
LF:214
LH:191
end_of_record
SF:/usr/local/google/home/sigurdm/projects/math/pkgs/num_dart/lib/src/random.dart
DA:15,1
DA:20,2
DA:21,0
DA:23,1
DA:24,1
DA:25,4
DA:26,3
DA:41,1
DA:48,2
DA:49,0
DA:51,1
DA:52,0
DA:54,1
DA:55,1
DA:56,1
DA:57,4
DA:58,4
DA:81,1
DA:88,2
DA:89,1
DA:93,1
DA:94,1
DA:95,1
DA:99,1
DA:100,1
DA:101,2
DA:104,1
DA:105,1
DA:106,1
DA:107,0
DA:109,1
DA:111,5
DA:112,2
DA:114,3
DA:115,3
DA:117,2
DA:118,2
DA:119,3
DA:121,1
DA:140,1
DA:146,2
DA:147,0
DA:151,1
DA:152,0
DA:153,0
DA:157,1
DA:158,1
DA:160,4
DA:161,1
DA:162,1
DA:163,0
DA:165,6
DA:190,1
DA:196,2
DA:197,0
DA:199,1
DA:200,0
DA:203,1
DA:204,1
DA:206,1
DA:207,2
DA:208,4
DA:212,1
DA:213,2
DA:214,1
DA:215,3
DA:218,1
DA:219,4
DA:220,1
DA:221,1
DA:222,1
DA:223,8
DA:225,3
DA:226,3
DA:253,1
DA:260,2
DA:261,0
DA:263,1
DA:264,0
DA:266,2
DA:267,0
DA:268,0
DA:272,1
DA:273,1
DA:275,1
DA:276,0
DA:280,1
DA:281,4
DA:283,2
DA:284,2
DA:285,1
DA:288,2
DA:291,1
DA:292,4
DA:294,4
DA:295,1
DA:296,0
DA:299,1
DA:300,1
DA:301,1
DA:302,8
DA:304,3
DA:305,3
LF:103
LH:87
end_of_record
SF:/usr/local/google/home/sigurdm/projects/math/pkgs/num_dart/lib/src/fft.dart
DA:20,1
DA:21,2
DA:22,0
DA:27,2
DA:29,1
DA:30,0
DA:31,0
DA:36,2
DA:37,3
DA:39,4
DA:43,1
DA:46,2
DA:47,1
DA:50,3
DA:51,2
DA:52,0
DA:53,0
DA:63,2
DA:64,1
DA:65,1
DA:68,2
DA:69,1
DA:70,3
DA:71,1
DA:72,0
DA:73,0
DA:75,3
DA:76,2
DA:80,2
DA:81,2
DA:86,1
DA:89,2
DA:90,8
DA:95,2
DA:96,1
DA:97,1
DA:110,1
DA:111,2
DA:112,0
DA:117,2
DA:119,1
DA:120,0
DA:121,0
DA:125,2
DA:126,3
DA:128,4
DA:132,1
DA:134,2
DA:135,1
DA:138,3
DA:139,2
DA:140,0
DA:141,0
DA:149,2
DA:150,1
DA:151,1
DA:153,2
DA:154,1
DA:155,3
DA:156,1
DA:157,3
DA:158,3
DA:160,0
DA:161,0
DA:164,0
DA:165,0
DA:170,1
DA:173,1
DA:175,2
DA:176,4
DA:177,3
DA:178,3
DA:183,2
DA:184,1
DA:185,1
LF:75
LH:59
end_of_record
